TN:
SF:/Applications/MAMP/htdocs/www/dv/acharts/acharts/achart-tooltip/index.js
FNF:0
FNH:0
DA:1,1
DA:3,1
LF:2
LH:2
BRF:0
BRH:0
end_of_record
TN:
SF:/Applications/MAMP/htdocs/www/dv/acharts/acharts/achart-tooltip/src/tooltip.js
FN:15,getElementsByClassName
FN:35,find
FN:52,(anonymous_3)
FN:190,(anonymous_4)
FN:206,(anonymous_5)
FN:213,(anonymous_6)
FN:220,(anonymous_7)
FN:238,(anonymous_8)
FN:243,(anonymous_9)
FN:263,(anonymous_10)
FN:300,(anonymous_11)
FN:328,(anonymous_12)
FN:352,(anonymous_13)
FN:364,(anonymous_14)
FN:383,(anonymous_15)
FN:388,(anonymous_16)
FN:410,(anonymous_17)
FN:465,(anonymous_18)
FN:475,(anonymous_19)
FN:494,(anonymous_20)
FN:515,(anonymous_21)
FN:539,(anonymous_22)
FN:553,addValue
FN:571,(anonymous_24)
FN:576,(anonymous_25)
FN:594,(anonymous_26)
FN:597,(anonymous_27)
FN:609,(anonymous_28)
FN:622,(anonymous_29)
FNF:29
FNH:27
FNDA:0,getElementsByClassName
FNDA:6,find
FNDA:4,(anonymous_3)
FNDA:4,(anonymous_4)
FNDA:3,(anonymous_5)
FNDA:3,(anonymous_6)
FNDA:1,(anonymous_7)
FNDA:3,(anonymous_8)
FNDA:3,(anonymous_9)
FNDA:4,(anonymous_10)
FNDA:5,(anonymous_11)
FNDA:5,(anonymous_12)
FNDA:6,(anonymous_13)
FNDA:3,(anonymous_14)
FNDA:2,(anonymous_15)
FNDA:0,(anonymous_16)
FNDA:16,(anonymous_17)
FNDA:5,(anonymous_18)
FNDA:14,(anonymous_19)
FNDA:4,(anonymous_20)
FNDA:11,(anonymous_21)
FNDA:2,(anonymous_22)
FNDA:12,addValue
FNDA:6,(anonymous_24)
FNDA:12,(anonymous_25)
FNDA:3,(anonymous_26)
FNDA:6,(anonymous_27)
FNDA:6,(anonymous_28)
FNDA:1,(anonymous_29)
DA:7,1
DA:13,1
DA:15,1
DA:16,0
DA:17,0
DA:18,0
DA:19,0
DA:20,0
DA:21,0
DA:22,0
DA:23,0
DA:24,0
DA:25,0
DA:26,0
DA:27,0
DA:28,0
DA:32,0
DA:35,1
DA:36,6
DA:37,6
DA:39,0
DA:52,1
DA:53,4
DA:56,1
DA:185,1
DA:188,1
DA:191,4
DA:194,4
DA:195,4
DA:196,3
DA:197,3
DA:198,3
DA:200,1
DA:202,4
DA:207,3
DA:210,3
DA:214,3
DA:217,3
DA:221,1
DA:225,1
DA:226,0
DA:227,0
DA:229,1
DA:231,1
DA:232,1
DA:233,1
DA:235,1
DA:237,1
DA:238,1
DA:239,3
DA:244,3
DA:253,3
DA:254,3
DA:256,3
DA:257,3
DA:258,3
DA:259,3
DA:264,4
DA:270,4
DA:271,2
DA:273,2
DA:274,2
DA:275,2
DA:277,0
DA:278,0
DA:280,2
DA:293,2
DA:301,5
DA:306,5
DA:307,0
DA:309,5
DA:310,5
DA:311,1
DA:313,1
DA:314,1
DA:316,1
DA:319,4
DA:320,4
DA:321,3
DA:322,3
DA:323,3
DA:324,3
DA:326,4
DA:329,5
DA:332,5
DA:337,5
DA:338,5
DA:339,5
DA:341,5
DA:342,5
DA:346,5
DA:353,6
DA:356,6
DA:357,6
DA:358,1
DA:365,3
DA:369,3
DA:370,2
DA:373,3
DA:374,3
DA:375,2
DA:377,3
DA:378,3
DA:384,2
DA:388,2
DA:389,0
DA:390,0
DA:391,0
DA:393,0
DA:394,0
DA:396,2
DA:397,2
DA:411,16
DA:420,16
DA:423,16
DA:424,16
DA:425,16
DA:426,1
DA:427,1
DA:429,16
DA:431,15
DA:433,13
DA:434,8
DA:437,13
DA:438,9
DA:439,9
DA:444,16
DA:445,14
DA:446,14
DA:452,14
DA:453,14
DA:455,14
DA:456,7
DA:457,2
DA:459,5
DA:466,5
DA:470,5
DA:476,14
DA:480,14
DA:481,9
DA:483,14
DA:484,1
DA:489,1
DA:490,1
DA:495,4
DA:496,4
DA:500,4
DA:501,0
DA:504,4
DA:506,4
DA:509,4
DA:516,11
DA:525,11
DA:526,11
DA:532,11
DA:533,11
DA:536,11
DA:538,11
DA:539,1
DA:540,2
DA:541,2
DA:542,1
DA:544,1
DA:546,2
DA:549,10
DA:550,10
DA:553,1
DA:554,12
DA:559,12
DA:572,6
DA:575,6
DA:576,6
DA:577,12
DA:578,1
DA:580,11
DA:583,6
DA:584,6
DA:586,6
DA:587,5
DA:589,6
DA:590,3
DA:591,3
DA:595,3
DA:598,6
DA:599,6
DA:610,6
DA:613,6
DA:614,6
DA:615,1
DA:616,1
DA:617,1
DA:623,1
DA:626,1
DA:627,1
DA:628,1
DA:629,1
DA:635,1
LF:197
LH:171
BRDA:20,1,0,0
BRDA:20,1,1,0
BRDA:21,2,0,0
BRDA:21,2,1,0
BRDA:26,3,0,0
BRDA:26,3,1,0
BRDA:36,4,0,6
BRDA:36,4,1,0
BRDA:195,5,0,3
BRDA:195,5,1,1
BRDA:217,6,0,3
BRDA:217,6,1,3
BRDA:225,7,0,0
BRDA:225,7,1,1
BRDA:231,8,0,1
BRDA:231,8,1,0
BRDA:253,9,0,3
BRDA:253,9,1,0
BRDA:258,10,0,3
BRDA:258,10,1,0
BRDA:270,11,0,2
BRDA:270,11,1,2
BRDA:273,12,0,2
BRDA:273,12,1,0
BRDA:306,13,0,0
BRDA:306,13,1,5
BRDA:310,14,0,1
BRDA:310,14,1,4
BRDA:313,15,0,1
BRDA:313,15,1,0
BRDA:320,16,0,3
BRDA:320,16,1,1
BRDA:321,17,0,3
BRDA:321,17,1,0
BRDA:337,18,0,5
BRDA:337,18,1,0
BRDA:356,19,0,6
BRDA:356,19,1,5
BRDA:357,20,0,1
BRDA:357,20,1,5
BRDA:369,21,0,2
BRDA:369,21,1,1
BRDA:374,22,0,2
BRDA:374,22,1,1
BRDA:374,23,0,3
BRDA:374,23,1,2
BRDA:378,24,0,3
BRDA:378,24,1,3
BRDA:390,25,0,0
BRDA:390,25,1,0
BRDA:390,26,0,0
BRDA:390,26,1,0
BRDA:397,27,0,2
BRDA:397,27,1,2
BRDA:425,28,0,1
BRDA:425,28,1,15
BRDA:425,29,0,16
BRDA:425,29,1,1
BRDA:426,30,0,1
BRDA:426,30,1,1
BRDA:429,31,0,15
BRDA:429,31,1,1
BRDA:431,32,0,13
BRDA:431,32,1,2
BRDA:433,33,0,8
BRDA:433,33,1,5
BRDA:437,34,0,9
BRDA:437,34,1,4
BRDA:444,35,0,14
BRDA:444,35,1,2
BRDA:444,36,0,16
BRDA:444,36,1,2
BRDA:445,37,0,14
BRDA:445,37,1,0
BRDA:445,38,0,14
BRDA:445,38,1,14
BRDA:445,38,2,14
BRDA:455,39,0,7
BRDA:455,39,1,7
BRDA:456,40,0,2
BRDA:456,40,1,5
BRDA:480,41,0,9
BRDA:480,41,1,5
BRDA:483,42,0,1
BRDA:483,42,1,13
BRDA:483,43,0,14
BRDA:483,43,1,1
BRDA:486,44,0,1
BRDA:486,44,1,1
BRDA:488,45,0,1
BRDA:488,45,1,1
BRDA:500,46,0,0
BRDA:500,46,1,4
BRDA:525,47,0,11
BRDA:525,47,1,0
BRDA:536,48,0,11
BRDA:536,48,1,11
BRDA:538,49,0,1
BRDA:538,49,1,10
BRDA:541,50,0,1
BRDA:541,50,1,1
BRDA:549,51,0,10
BRDA:549,51,1,0
BRDA:577,52,0,1
BRDA:577,52,1,11
BRDA:583,53,0,6
BRDA:583,53,1,0
BRDA:586,54,0,5
BRDA:586,54,1,1
BRDA:589,55,0,3
BRDA:589,55,1,3
BRDA:613,56,0,6
BRDA:613,56,1,5
BRDA:614,57,0,1
BRDA:614,57,1,5
BRDA:616,58,0,1
BRDA:616,58,1,0
BRDA:626,59,0,1
BRDA:626,59,1,1
BRDA:628,60,0,1
BRDA:628,60,1,0
BRF:121
BRH:94
end_of_record
